********************************************************************************
DUPLICATOR-LITE PACKAGE-LOG: 18 June 2021 8h15
NOTICE: Do NOT post to public sites or forums 
********************************************************************************
VERSION:	1.4.1
WORDPRESS:	5.7.2
PHP INFO:	7.3.27 | SAPI: apache2handler
SERVER:		Apache/2.4.46 (Win64) OpenSSL/1.1.1h PHP/7.3.27 
PHP TIME LIMIT: (0) no time limit imposed 
PHP MAX MEMORY: 4294967296 (512M default) 
MEMORY STACK: 24MB

********************************************************************************
DATABASE:
********************************************************************************
BUILD MODE:   MYSQLDUMP
MYSQLTIMEOUT: 5000
MYSQLDUMP:    Is Supported
SQL CREATED: 20210618_tresorsublime_b747598afb3fd98d2159_20210618081450_database.sql
SQL FILE SIZE: 1.16MB (1212737)
SQL FILE TIME: 2021-06-18 08:15:16
SQL RUNTIME: 2.50 sec.

********************************************************************************
ARCHIVE (ZIP):
********************************************************************************
ARCHIVE DIR:  C:/xampp/htdocs/wordpress
ARCHIVE FILE: 20210618_tresorsublime_b747598afb3fd98d2159_20210618081450_archive.zip
FILTERS: *OFF*
DIRS:
	not set
FILES:
	not set
EXTS:  not set
----------------------------------------
COMPRESSING
SIZE:	115MB
STATS:	Dirs 1,067 | Files 5,386
SQL ADDED: 20210618_tresorsublime_b747598afb3fd98d2159_20210618081450_database.sql
ZipArchive Object
(
    [status] => 0
    [statusSys] => 0
    [numFiles] => 6453
    [filename] => C:\xampp\htdocs\wordpress\wp-content\backups-dup-lite\tmp\20210618_tresorsublime_b747598afb3fd98d2159_20210618081450_archive.zip
    [comment] => 
)

FILE ADDED TO ZIP: 6452
COMPRESSION RESULT: '1'
COMPRESSED SIZE: 48.92MB
ARCHIVE RUNTIME: 101.17 sec.
MEMORY STACK: 26MB
building installer
add_extra_files1
add_extra_files2
add_extra_files3
add_extra_files4
Doing archive file check
add_extra_files5
add_extra_files6
add_extra_files8
Successfully opened zip C:/xampp/htdocs/wordpress/wp-content/backups-dup-lite/tmp/20210618_tresorsublime_b747598afb3fd98d2159_20210618081450_archive.zip
Adding enhanced installer files to archive using ZipArchive
Installer files added to archive
Added to archive
After ziparchive close when adding installer

********************************************************************************
INTEGRITY CHECKS:
********************************************************************************
SQL FILE: 1.16MB
INSTALLER FILE: 64.14KB
ARCHIVE FILE: 50.31MB 
COMPTE ATTENDU DE FICHIERS/RÉPERTOIRES : 6,453
COMPTE ACTUEL DE FICHIERS/RÉPERTOIRES : 6,452
TEST DE COHÉRENCE D’ARCHIVE : Bon

********************************************************************************
RECORD ID:[1]
TOTAL PROCESS RUNTIME: 104.92 sec.
PEAK PHP MEMORY USED: 28MB
DONE PROCESSING => 20210618_tresorsublime 18 June 2021 8h16

